2022-06-02 15:23:51,972 INFO o.a.j.u.JMeterUtils: Setting Locale to en_EN
2022-06-02 15:23:51,982 INFO o.a.j.JMeter: Loading user properties from: user.properties
2022-06-02 15:23:51,982 INFO o.a.j.JMeter: Loading system properties from: system.properties
2022-06-02 15:23:51,983 INFO o.a.j.JMeter: Setting System property: TEST_URL=http://192.168.57.224:5000/
2022-06-02 15:23:51,988 INFO o.a.j.JMeter: Copyright (c) 1998-2021 The Apache Software Foundation
2022-06-02 15:23:51,989 INFO o.a.j.JMeter: Version 5.4.1
2022-06-02 15:23:51,989 INFO o.a.j.JMeter: java.version=1.8.0_202
2022-06-02 15:23:51,989 INFO o.a.j.JMeter: java.vm.name=Java HotSpot(TM) 64-Bit Server VM
2022-06-02 15:23:51,989 INFO o.a.j.JMeter: os.name=Windows 10
2022-06-02 15:23:51,989 INFO o.a.j.JMeter: os.arch=amd64
2022-06-02 15:23:51,989 INFO o.a.j.JMeter: os.version=10.0
2022-06-02 15:23:51,989 INFO o.a.j.JMeter: file.encoding=MS949
2022-06-02 15:23:51,989 INFO o.a.j.JMeter: java.awt.headless=null
2022-06-02 15:23:51,989 INFO o.a.j.JMeter: Max memory     =8589934592
2022-06-02 15:23:51,989 INFO o.a.j.JMeter: Available Processors =8
2022-06-02 15:23:51,992 INFO o.a.j.JMeter: Default Locale=English (EN)
2022-06-02 15:23:51,992 INFO o.a.j.JMeter: JMeter  Locale=English (EN)
2022-06-02 15:23:51,992 INFO o.a.j.JMeter: JMeterHome=D:\workspace\test-automation\apache-jmeter-5.4.1
2022-06-02 15:23:51,992 INFO o.a.j.JMeter: user.dir  =D:\workspace\test-automation\apache-jmeter-5.4.1\bin
2022-06-02 15:23:51,993 INFO o.a.j.JMeter: PWD       =D:\workspace\test-automation\apache-jmeter-5.4.1\bin
2022-06-02 15:23:51,994 INFO o.a.j.JMeter: IP: 192.168.57.243 Name: DESKTOP-0Q4LOBV FullName: host.docker.internal
2022-06-02 15:23:52,065 INFO o.a.j.JMeter: Setting LAF to: laf:javax.swing.plaf.metal.MetalLookAndFeel
2022-06-02 15:23:52,134 INFO o.a.j.JMeter: Loaded icon properties from org/apache/jmeter/images/icon.properties
2022-06-02 15:23:53,817 INFO c.a.t.j.p.c.u.TestPluginUtil: Detected encoding = EUC-KR
2022-06-02 15:23:53,832 INFO c.a.t.j.p.c.g.TestAutomationGuiController: Executor's type is : DEFAULT
2022-06-02 15:23:53,832 INFO c.a.t.j.p.c.g.TestAutomationGuiController: Executor's config map string : {
"server":"192.168.57.252:9092,192.168.57.253:9092,192.168.57.254:9092"
,"topic":"fds-bank.t"
}
2022-06-02 15:23:53,833 INFO c.a.t.j.p.c.g.TestAutomationGuiController: Executor's current jmx file name is : null
2022-06-02 15:23:53,833 INFO c.a.t.j.p.c.g.TestAutomationGuiController: Executor's type is DEFAULT
2022-06-02 15:23:53,834 INFO c.a.t.j.p.c.g.TestAutomationGuiController: Executor is created
2022-06-02 15:23:53,834 INFO c.a.t.j.p.c.g.TestAutomationGuiController: Initial Executor's stop mode is true
2022-06-02 15:23:53,837 INFO c.a.t.j.p.c.g.TestAutomationGuiController: Executor's config map is prepared
2022-06-02 15:23:53,839 INFO c.a.t.j.p.c.g.TestAutomationGuiController: Executor's test data is setted
2022-06-02 15:23:53,839 INFO c.a.t.j.p.c.g.TestAutomationGuiController: Executor's stop mode is true
2022-06-02 15:23:53,840 INFO c.a.t.j.p.c.g.TestAutomationGuiController: Executor is completed
2022-06-02 15:23:58,902 INFO o.a.j.s.FileServer: Default base='D:\workspace\test-automation\apache-jmeter-5.4.1\bin'
2022-06-02 15:23:58,904 INFO o.a.j.g.a.Load: Loading file: D:\workspace\test-automation\apache-jmeter-5.4.1\bin\Kai-s-scenario3.jmx
2022-06-02 15:23:58,904 INFO o.a.j.s.FileServer: Set new base='D:\workspace\test-automation\apache-jmeter-5.4.1\bin'
2022-06-02 15:23:58,987 INFO o.a.j.s.SaveService: Testplan (JMX) version: 2.2. Testlog (JTL) version: 2.2
2022-06-02 15:23:58,993 INFO o.a.j.s.SaveService: Using SaveService properties file encoding UTF-8
2022-06-02 15:23:58,994 INFO o.a.j.s.SaveService: Using SaveService properties version 5.0
2022-06-02 15:23:58,995 INFO o.a.j.s.SaveService: Loading file: D:\workspace\test-automation\apache-jmeter-5.4.1\bin\Kai-s-scenario3.jmx
2022-06-02 15:23:59,013 INFO o.a.j.p.h.s.HTTPSamplerBase: Parser for text/html is org.apache.jmeter.protocol.http.parser.LagartoBasedHtmlParser
2022-06-02 15:23:59,013 INFO o.a.j.p.h.s.HTTPSamplerBase: Parser for application/xhtml+xml is org.apache.jmeter.protocol.http.parser.LagartoBasedHtmlParser
2022-06-02 15:23:59,014 INFO o.a.j.p.h.s.HTTPSamplerBase: Parser for application/xml is org.apache.jmeter.protocol.http.parser.LagartoBasedHtmlParser
2022-06-02 15:23:59,014 INFO o.a.j.p.h.s.HTTPSamplerBase: Parser for text/xml is org.apache.jmeter.protocol.http.parser.LagartoBasedHtmlParser
2022-06-02 15:23:59,014 INFO o.a.j.p.h.s.HTTPSamplerBase: Parser for text/vnd.wap.wml is org.apache.jmeter.protocol.http.parser.RegexpHTMLParser
2022-06-02 15:23:59,014 INFO o.a.j.p.h.s.HTTPSamplerBase: Parser for text/css is org.apache.jmeter.protocol.http.parser.CssParser
2022-06-02 15:23:59,207 INFO o.a.j.p.h.c.CookieManager: Settings: Delete null: true Check: true Allow variable: true Save: false Prefix: COOKIE_
2022-06-02 15:23:59,416 INFO o.a.j.e.KeyToolUtils: keytool found at 'keytool'
2022-06-02 15:23:59,416 INFO o.a.j.p.h.p.ProxyControl: HTTP(S) Test Script Recorder SSL Proxy will use keys that support embedded 3rd party resources in file D:\workspace\test-automation\apache-jmeter-5.4.1\bin\proxyserver.jks
2022-06-02 15:23:59,418 INFO o.a.j.s.SampleResult: Note: Sample TimeStamps are START times
2022-06-02 15:23:59,418 INFO o.a.j.s.SampleResult: sampleresult.default.encoding is set to UTF-8
2022-06-02 15:23:59,418 INFO o.a.j.s.SampleResult: sampleresult.useNanoTime=true
2022-06-02 15:23:59,418 INFO o.a.j.s.SampleResult: sampleresult.nanoThreadSleep=5000
2022-06-02 15:23:59,458 INFO c.a.t.j.p.c.u.TestPluginUtil: Detected encoding = EUC-KR
2022-06-02 15:23:59,462 INFO c.a.t.j.p.c.g.TestAutomationGuiController: Executor's type is : DEFAULT
2022-06-02 15:23:59,462 INFO c.a.t.j.p.c.g.TestAutomationGuiController: Executor's config map string : {
"server":"192.168.57.252:9092,192.168.57.253:9092,192.168.57.254:9092"
,"topic":"fds-bank.t"
}
2022-06-02 15:23:59,462 INFO c.a.t.j.p.c.g.TestAutomationGuiController: Executor's current jmx file name is : null
2022-06-02 15:23:59,462 INFO c.a.t.j.p.c.g.TestAutomationGuiController: Executor's type is DEFAULT
2022-06-02 15:23:59,462 INFO c.a.t.j.p.c.g.TestAutomationGuiController: Executor is created
2022-06-02 15:23:59,462 INFO c.a.t.j.p.c.g.TestAutomationGuiController: Initial Executor's stop mode is true
2022-06-02 15:23:59,462 INFO c.a.t.j.p.c.g.TestAutomationGuiController: Executor's config map is prepared
2022-06-02 15:23:59,462 INFO c.a.t.j.p.c.g.TestAutomationGuiController: Executor's test data is setted
2022-06-02 15:23:59,462 INFO c.a.t.j.p.c.g.TestAutomationGuiController: Executor's stop mode is true
2022-06-02 15:23:59,462 INFO c.a.t.j.p.c.g.TestAutomationGuiController: Executor is completed
2022-06-02 15:23:59,463 INFO c.a.t.j.p.c.g.TestAutomationMainGui: ##### modifyTestElement #####
2022-06-02 15:23:59,463 INFO c.a.t.j.p.c.g.TestAutomationGuiController: Executor's type is : DEFAULT
2022-06-02 15:23:59,463 INFO c.a.t.j.p.c.g.TestAutomationGuiController: Executor's config map string : {
"server":"192.168.57.252:9092,192.168.57.253:9092,192.168.57.254:9092"
,"topic":"fds-bank.t"
}
2022-06-02 15:23:59,463 INFO c.a.t.j.p.c.g.TestAutomationGuiController: Executor's current jmx file name is : null
2022-06-02 15:23:59,463 INFO c.a.t.j.p.c.g.TestAutomationGuiController: Executor's type is DEFAULT
2022-06-02 15:23:59,463 INFO c.a.t.j.p.c.g.TestAutomationGuiController: Executor is created
2022-06-02 15:23:59,463 INFO c.a.t.j.p.c.g.TestAutomationGuiController: Initial Executor's stop mode is true
2022-06-02 15:23:59,463 INFO c.a.t.j.p.c.g.TestAutomationGuiController: Executor's config map is prepared
2022-06-02 15:23:59,463 INFO c.a.t.j.p.c.g.TestAutomationGuiController: Executor's test data is setted
2022-06-02 15:23:59,463 INFO c.a.t.j.p.c.g.TestAutomationGuiController: Executor's stop mode is true
2022-06-02 15:23:59,463 INFO c.a.t.j.p.c.g.TestAutomationGuiController: Executor is completed
2022-06-02 15:23:59,893 INFO o.a.j.s.FileServer: Set new base='D:\workspace\test-automation\apache-jmeter-5.4.1\bin'
2022-06-02 15:24:03,057 INFO c.a.t.j.p.c.g.TestAutomationMainGui: ##### modifyTestElement #####
2022-06-02 15:24:03,058 INFO c.a.t.j.p.c.g.TestAutomationGuiController: Executor's type is : DEFAULT
2022-06-02 15:24:03,058 INFO c.a.t.j.p.c.g.TestAutomationGuiController: Executor's config map string : {
"server":"192.168.57.252:9092,192.168.57.253:9092,192.168.57.254:9092"
,"topic":"fds-bank.t"
}
2022-06-02 15:24:03,058 INFO c.a.t.j.p.c.g.TestAutomationGuiController: Executor's current jmx file name is : Kai-s-scenario3.jmx
2022-06-02 15:24:03,059 INFO c.a.t.j.p.c.g.TestAutomationGuiController: Executor's type is DEFAULT
2022-06-02 15:24:03,059 INFO c.a.t.j.p.c.g.TestAutomationGuiController: Executor is created
2022-06-02 15:24:03,059 INFO c.a.t.j.p.c.g.TestAutomationGuiController: Initial Executor's stop mode is true
2022-06-02 15:24:03,060 INFO c.a.t.j.p.c.g.TestAutomationGuiController: Executor's config map is prepared
2022-06-02 15:24:03,060 INFO c.a.t.j.p.c.g.TestAutomationGuiController: Executor's test data is setted
2022-06-02 15:24:03,068 INFO c.a.t.j.p.c.g.TestAutomationGuiController: parameter is  {"jmx_file_name":"Kai-s-scenario3.jmx"}
2022-06-02 15:24:03,087 INFO c.a.t.j.p.c.g.TestAutomationGuiController: Executor's mode is AUTO : false
2022-06-02 15:24:03,089 INFO c.a.t.j.p.c.g.TestAutomationGuiController: Executor's stop mode is true
2022-06-02 15:24:03,089 INFO c.a.t.j.p.c.g.TestAutomationGuiController: Executor is completed
2022-06-02 15:24:03,089 INFO c.a.t.j.p.c.g.TestAutomationGuiController: parameter is  {"jmx_file_name":"Kai-s-scenario3.jmx"}
2022-06-02 15:24:03,101 INFO c.a.t.j.p.c.g.TestAutomationGuiController: [{"jenkins_token": "b5a9878ecb5ddc9ee1556a57134c3fa0", "jenkins_server_url": "http://192.168.57.237:8084/", "project_id": "3", "jmx_file_name": "Kai-s-scenario3.jmx", "before_test_exec_shell": "cd ~/workspace/TestAutomation_KAI_S_WEB/kai-s-web-package &&  sudo chown -R k218001.k218001 ./ && pkill -9 -ef KAI", "test_exec_shell": "cd ~/workspace/TestAutomation_KAI_S_WEB/kai-s-web-package && ./shutdown.sh && sleep 2 && sudo -u k218001 ./startup.sh && sudo chown -R k218001.k218001 ./", "jenkins_project_name": "TestAutomation_KAI_S_WEB", "mattermost_webhook_id": "u5ztbrjboidxmx3cf34hbcwkdc", "factors": [{"encode": "N", "name": "CUST_NO", "count": "10", "length": "10", "type": "key", "value": "10"}], "run": {"server": "192.168.57.252:9092,192.168.57.253:9092,192.168.57.254:9092", "type": "DEFAULT"}}]
2022-06-02 15:24:03,116 INFO c.a.t.j.p.c.g.TestAutomationGuiController: parameter is  {"jmx_file_name":"Kai-s-scenario3.jmx"}
2022-06-02 15:24:03,127 INFO c.a.t.j.p.c.g.TestAutomationGuiController: [{"jenkins_token": "b5a9878ecb5ddc9ee1556a57134c3fa0", "jenkins_server_url": "http://192.168.57.237:8084/", "project_id": "3", "jmx_file_name": "Kai-s-scenario3.jmx", "before_test_exec_shell": "cd ~/workspace/TestAutomation_KAI_S_WEB/kai-s-web-package &&  sudo chown -R k218001.k218001 ./ && pkill -9 -ef KAI", "test_exec_shell": "cd ~/workspace/TestAutomation_KAI_S_WEB/kai-s-web-package && ./shutdown.sh && sleep 2 && sudo -u k218001 ./startup.sh && sudo chown -R k218001.k218001 ./", "jenkins_project_name": "TestAutomation_KAI_S_WEB", "mattermost_webhook_id": "u5ztbrjboidxmx3cf34hbcwkdc", "factors": [{"encode": "N", "name": "CUST_NO", "count": "10", "length": "10", "type": "key", "value": "10"}], "run": {"server": "192.168.57.252:9092,192.168.57.253:9092,192.168.57.254:9092", "type": "DEFAULT"}}]
2022-06-02 15:24:03,131 INFO c.a.t.j.p.c.g.TestAutomationMainGui: ##### modifyTestElement #####
2022-06-02 15:24:03,131 INFO c.a.t.j.p.c.g.TestAutomationGuiController: Executor's type is : DEFAULT
2022-06-02 15:24:03,131 INFO c.a.t.j.p.c.g.TestAutomationGuiController: Executor's config map string : {"server":"192.168.57.252:9092,192.168.57.253:9092,192.168.57.254:9092"}
2022-06-02 15:24:03,131 INFO c.a.t.j.p.c.g.TestAutomationGuiController: Executor's current jmx file name is : Kai-s-scenario3.jmx
2022-06-02 15:24:03,131 INFO c.a.t.j.p.c.g.TestAutomationGuiController: Executor's type is DEFAULT
2022-06-02 15:24:03,131 INFO c.a.t.j.p.c.g.TestAutomationGuiController: Executor is created
2022-06-02 15:24:03,132 INFO c.a.t.j.p.c.g.TestAutomationGuiController: Initial Executor's stop mode is true
2022-06-02 15:24:03,132 INFO c.a.t.j.p.c.g.TestAutomationGuiController: Executor's config map is prepared
2022-06-02 15:24:03,132 INFO c.a.t.j.p.c.g.TestAutomationGuiController: Executor's test data is setted
2022-06-02 15:24:03,132 INFO c.a.t.j.p.c.g.TestAutomationGuiController: parameter is  {"jmx_file_name":"Kai-s-scenario3.jmx"}
2022-06-02 15:24:03,143 INFO c.a.t.j.p.c.g.TestAutomationGuiController: Executor's mode is AUTO : false
2022-06-02 15:24:03,143 INFO c.a.t.j.p.c.g.TestAutomationGuiController: Executor's stop mode is true
2022-06-02 15:24:03,143 INFO c.a.t.j.p.c.g.TestAutomationGuiController: Executor is completed
2022-06-02 15:24:04,111 INFO c.a.t.j.p.c.g.TestAutomationGuiController: parameter is  {"jmx_file_name":"Kai-s-scenario3.jmx"}
2022-06-02 15:24:04,123 INFO c.a.t.j.p.c.g.TestAutomationGuiController: [{"jenkins_token": "b5a9878ecb5ddc9ee1556a57134c3fa0", "jenkins_server_url": "http://192.168.57.237:8084/", "project_id": "3", "jmx_file_name": "Kai-s-scenario3.jmx", "before_test_exec_shell": "cd ~/workspace/TestAutomation_KAI_S_WEB/kai-s-web-package &&  sudo chown -R k218001.k218001 ./ && pkill -9 -ef KAI", "test_exec_shell": "cd ~/workspace/TestAutomation_KAI_S_WEB/kai-s-web-package && ./shutdown.sh && sleep 2 && sudo -u k218001 ./startup.sh && sudo chown -R k218001.k218001 ./", "jenkins_project_name": "TestAutomation_KAI_S_WEB", "mattermost_webhook_id": "u5ztbrjboidxmx3cf34hbcwkdc", "factors": [{"encode": "N", "name": "CUST_NO", "count": "10", "length": "10", "type": "key", "value": "10"}], "run": {"server": "192.168.57.252:9092,192.168.57.253:9092,192.168.57.254:9092", "type": "DEFAULT"}}]
2022-06-02 15:24:05,293 INFO c.a.t.j.p.c.g.TestDataConfigPanel: read plugin data
2022-06-02 15:24:05,293 INFO c.a.t.j.p.c.g.TestDataConfigPanel: create plugin data
2022-06-02 15:24:05,295 INFO c.a.t.j.p.c.d.TestMessageByCombination: -------------------------------
2022-06-02 15:24:05,295 INFO c.a.t.j.p.c.d.TestMessageByCombination: Start to generate test data
2022-06-02 15:24:05,296 INFO c.a.t.j.p.c.d.TestMessageByCombination: -------------------------------
2022-06-02 15:24:05,296 INFO c.a.t.j.p.c.d.TestMessageByCombination: step 1. create list array for index array from source data
2022-06-02 15:24:05,296 INFO c.a.t.j.p.c.d.TestMessageByCombination: step 2. create combination's index array from list array
2022-06-02 15:24:05,297 INFO c.a.t.j.p.c.d.TestMessageByCombination: step 3. create combination of  index array
2022-06-02 15:24:05,299 INFO c.a.t.j.p.c.d.TestMessageByCombination: step 4. combination job is completed and process last queue 
2022-06-02 15:24:05,299 INFO c.a.t.j.p.c.d.TestMessageByCombination: step 5. end. 
2022-06-02 15:24:06,793 INFO c.a.t.j.p.c.g.TestAutomationMainGui: ##### modifyTestElement #####
2022-06-02 15:24:06,793 INFO c.a.t.j.p.c.g.TestAutomationGuiController: Executor's type is : DEFAULT
2022-06-02 15:24:06,793 INFO c.a.t.j.p.c.g.TestAutomationGuiController: Executor's config map string : {"server":"192.168.57.252:9092,192.168.57.253:9092,192.168.57.254:9092"}
2022-06-02 15:24:06,794 INFO c.a.t.j.p.c.g.TestAutomationGuiController: Executor's current jmx file name is : Kai-s-scenario3.jmx
2022-06-02 15:24:06,794 INFO c.a.t.j.p.c.g.TestAutomationGuiController: Executor's type is DEFAULT
2022-06-02 15:24:06,794 INFO c.a.t.j.p.c.g.TestAutomationGuiController: Executor is created
2022-06-02 15:24:06,794 INFO c.a.t.j.p.c.g.TestAutomationGuiController: Initial Executor's stop mode is false
2022-06-02 15:24:06,794 INFO c.a.t.j.p.c.g.TestAutomationGuiController: Executor's config map is prepared
2022-06-02 15:24:06,794 INFO c.a.t.j.p.c.g.TestAutomationGuiController: Executor's test data is setted
2022-06-02 15:24:06,794 INFO c.a.t.j.p.c.g.TestAutomationGuiController: parameter is  {"jmx_file_name":"Kai-s-scenario3.jmx"}
2022-06-02 15:24:06,806 INFO c.a.t.j.p.c.g.TestAutomationGuiController: Executor's mode is AUTO : false
2022-06-02 15:24:06,806 INFO c.a.t.j.p.c.g.TestAutomationGuiController: Executor's stop mode is false
2022-06-02 15:24:06,806 INFO c.a.t.j.p.c.g.TestAutomationGuiController: Executor is completed
2022-06-02 15:24:06,807 INFO c.a.t.j.p.c.g.TestAutomationGuiController: parameter is  {"jmx_file_name":"Kai-s-scenario3.jmx"}
2022-06-02 15:24:06,818 INFO c.a.t.j.p.c.g.TestAutomationGuiController: [{"jenkins_token": "b5a9878ecb5ddc9ee1556a57134c3fa0", "jenkins_server_url": "http://192.168.57.237:8084/", "project_id": "3", "jmx_file_name": "Kai-s-scenario3.jmx", "before_test_exec_shell": "cd ~/workspace/TestAutomation_KAI_S_WEB/kai-s-web-package &&  sudo chown -R k218001.k218001 ./ && pkill -9 -ef KAI", "test_exec_shell": "cd ~/workspace/TestAutomation_KAI_S_WEB/kai-s-web-package && ./shutdown.sh && sleep 2 && sudo -u k218001 ./startup.sh && sudo chown -R k218001.k218001 ./", "jenkins_project_name": "TestAutomation_KAI_S_WEB", "mattermost_webhook_id": "u5ztbrjboidxmx3cf34hbcwkdc", "factors": [{"encode": "N", "name": "CUST_NO", "count": "10", "length": "10", "type": "key", "value": "10"}], "run": {"server": "192.168.57.252:9092,192.168.57.253:9092,192.168.57.254:9092", "type": "DEFAULT"}}]
2022-06-02 15:24:06,818 INFO c.a.t.j.p.c.g.TestAutomationGuiController: parameter is  {"jmx_file_name":"Kai-s-scenario3.jmx"}
2022-06-02 15:24:06,828 INFO c.a.t.j.p.c.g.TestAutomationGuiController: [{"jenkins_token": "b5a9878ecb5ddc9ee1556a57134c3fa0", "jenkins_server_url": "http://192.168.57.237:8084/", "project_id": "3", "jmx_file_name": "Kai-s-scenario3.jmx", "before_test_exec_shell": "cd ~/workspace/TestAutomation_KAI_S_WEB/kai-s-web-package &&  sudo chown -R k218001.k218001 ./ && pkill -9 -ef KAI", "test_exec_shell": "cd ~/workspace/TestAutomation_KAI_S_WEB/kai-s-web-package && ./shutdown.sh && sleep 2 && sudo -u k218001 ./startup.sh && sudo chown -R k218001.k218001 ./", "jenkins_project_name": "TestAutomation_KAI_S_WEB", "mattermost_webhook_id": "u5ztbrjboidxmx3cf34hbcwkdc", "factors": [{"encode": "N", "name": "CUST_NO", "count": "10", "length": "10", "type": "key", "value": "10"}], "run": {"server": "192.168.57.252:9092,192.168.57.253:9092,192.168.57.254:9092", "type": "DEFAULT"}}]
2022-06-02 15:24:08,356 INFO o.a.j.e.StandardJMeterEngine: Running the test!
2022-06-02 15:24:08,356 INFO o.a.j.s.SampleEvent: List of sample_variables: []
2022-06-02 15:24:08,356 INFO o.a.j.s.SampleEvent: List of sample_variables: []
2022-06-02 15:24:08,357 INFO o.a.j.e.u.CompoundVariable: Note: Function class names must contain the string: '.functions.'
2022-06-02 15:24:08,357 INFO o.a.j.e.u.CompoundVariable: Note: Function class names must not contain the string: '.gui.'
2022-06-02 15:24:08,406 INFO o.a.j.v.b.BackendListener: KaiS -  Backend Listener: Starting worker with class: class org.apache.jmeter.visualizers.backend.influxdb.InfluxdbBackendListenerClient and queue capacity: 5000
2022-06-02 15:24:08,407 INFO o.a.j.v.b.BackendListener: KaiS -  Backend Listener: Started  worker with class: class org.apache.jmeter.visualizers.backend.influxdb.InfluxdbBackendListenerClient
2022-06-02 15:24:08,453 INFO o.a.j.g.u.JMeterMenuBar: setRunning(true, *local*)
2022-06-02 15:24:08,578 INFO o.a.j.e.StandardJMeterEngine: Starting ThreadGroup: 1 : Thread Group
2022-06-02 15:24:08,579 INFO o.a.j.e.StandardJMeterEngine: Starting 1 threads for group Thread Group.
2022-06-02 15:24:08,579 INFO o.a.j.e.StandardJMeterEngine: Thread will continue on error
2022-06-02 15:24:08,579 INFO o.a.j.t.ThreadGroup: Starting thread group... number=1 threads=1 ramp-up=1 delayedStart=false
2022-06-02 15:24:08,590 INFO o.a.j.t.ThreadGroup: Started thread group number 1
2022-06-02 15:24:08,590 INFO o.a.j.e.StandardJMeterEngine: All thread groups have been started
2022-06-02 15:24:08,594 INFO o.a.j.t.JMeterThread: Thread started: Thread Group 1-1
2022-06-02 15:24:08,596 INFO c.a.t.j.p.c.c.TestAutomationConfigTestElement: ######## file name : ./test/data/ 
2022-06-02 15:24:08,600 INFO o.a.j.s.FileServer: Stored: ./test/kais-data/GJ_SCR_CHK_20210907.txt Alias: ./test/kais-data/GJ_SCR_CHK_20210907.txt@56388130
2022-06-02 15:24:08,609 INFO o.a.j.p.h.s.HTTPHCAbstractImpl: Local host = DESKTOP-0Q4LOBV
2022-06-02 15:24:08,615 INFO o.a.j.p.h.s.HTTPHC4Impl: HTTP request retry count = 0
2022-06-02 15:24:11,915 INFO c.a.t.j.p.c.c.TestAutomationConfigTestElement: ######## file name : ./test/data/ 
2022-06-02 15:24:11,915 INFO c.a.t.j.p.c.d.FileJsonArrayListQueue: poll wait....
2022-06-02 15:24:12,119 INFO c.a.t.j.p.c.d.FileJsonArrayListQueue: poll wait....
2022-06-02 15:24:12,332 INFO c.a.t.j.p.c.d.FileJsonArrayListQueue: poll wait....
2022-06-02 15:24:14,226 INFO c.a.t.j.p.c.c.TestAutomationConfigTestElement: ######## file name : ./test/data/ 
2022-06-02 15:24:14,226 INFO c.a.t.j.p.c.d.FileJsonArrayListQueue: poll wait....
2022-06-02 15:24:14,430 INFO c.a.t.j.p.c.d.FileJsonArrayListQueue: poll wait....
2022-06-02 15:24:14,645 INFO c.a.t.j.p.c.d.FileJsonArrayListQueue: poll wait....
2022-06-02 15:24:17,926 INFO c.a.t.j.p.c.c.TestAutomationConfigTestElement: ######## file name : ./test/data/ 
2022-06-02 15:24:17,926 INFO c.a.t.j.p.c.d.FileJsonArrayListQueue: poll wait....
2022-06-02 15:24:18,130 INFO c.a.t.j.p.c.d.FileJsonArrayListQueue: poll wait....
2022-06-02 15:24:18,343 INFO c.a.t.j.p.c.d.FileJsonArrayListQueue: poll wait....
2022-06-02 15:24:20,144 INFO c.a.t.j.p.c.c.TestAutomationConfigTestElement: ######## file name : ./test/data/ 
2022-06-02 15:24:20,144 INFO c.a.t.j.p.c.d.FileJsonArrayListQueue: poll wait....
2022-06-02 15:24:20,350 INFO c.a.t.j.p.c.d.FileJsonArrayListQueue: poll wait....
2022-06-02 15:24:20,564 INFO c.a.t.j.p.c.d.FileJsonArrayListQueue: poll wait....
2022-06-02 15:24:23,192 INFO c.a.t.j.p.c.c.TestAutomationConfigTestElement: ######## file name : ./test/data/ 
2022-06-02 15:24:23,192 INFO c.a.t.j.p.c.d.FileJsonArrayListQueue: poll wait....
2022-06-02 15:24:23,397 INFO c.a.t.j.p.c.d.FileJsonArrayListQueue: poll wait....
2022-06-02 15:24:23,608 INFO c.a.t.j.p.c.d.FileJsonArrayListQueue: poll wait....
2022-06-02 15:24:25,381 INFO c.a.t.j.p.c.c.TestAutomationConfigTestElement: ######## file name : ./test/data/ 
2022-06-02 15:24:25,381 INFO c.a.t.j.p.c.d.FileJsonArrayListQueue: poll wait....
2022-06-02 15:24:25,582 INFO c.a.t.j.p.c.d.FileJsonArrayListQueue: poll wait....
2022-06-02 15:24:25,796 INFO c.a.t.j.p.c.d.FileJsonArrayListQueue: poll wait....
2022-06-02 15:24:28,375 INFO c.a.t.j.p.c.c.TestAutomationConfigTestElement: ######## file name : ./test/data/ 
2022-06-02 15:24:28,375 INFO c.a.t.j.p.c.d.FileJsonArrayListQueue: poll wait....
2022-06-02 15:24:28,580 INFO c.a.t.j.p.c.d.FileJsonArrayListQueue: poll wait....
2022-06-02 15:24:28,794 INFO c.a.t.j.p.c.d.FileJsonArrayListQueue: poll wait....
2022-06-02 15:24:30,608 INFO c.a.t.j.p.c.c.TestAutomationConfigTestElement: ######## file name : ./test/data/ 
2022-06-02 15:24:30,608 INFO c.a.t.j.p.c.d.FileJsonArrayListQueue: poll wait....
2022-06-02 15:24:30,814 INFO c.a.t.j.p.c.d.FileJsonArrayListQueue: poll wait....
2022-06-02 15:24:31,027 INFO c.a.t.j.p.c.d.FileJsonArrayListQueue: poll wait....
2022-06-02 15:24:33,522 INFO c.a.t.j.p.c.c.TestAutomationConfigTestElement: ######## file name : ./test/data/ 
2022-06-02 15:24:33,522 INFO c.a.t.j.p.c.d.FileJsonArrayListQueue: poll wait....
2022-06-02 15:24:33,730 INFO c.a.t.j.p.c.d.FileJsonArrayListQueue: poll wait....
2022-06-02 15:24:33,942 INFO c.a.t.j.p.c.d.FileJsonArrayListQueue: poll wait....
2022-06-02 15:24:35,776 INFO o.a.j.t.JMeterThread: Thread is done: Thread Group 1-1
2022-06-02 15:24:35,777 INFO o.a.j.t.JMeterThread: Thread finished: Thread Group 1-1
2022-06-02 15:24:35,777 INFO o.a.j.e.StandardJMeterEngine: Notifying test listeners of end of test
2022-06-02 15:24:35,777 INFO o.a.j.s.FileServer: Close: ./test/kais-data/GJ_SCR_CHK_20210907.txt@56388130
2022-06-02 15:24:35,789 INFO o.a.j.v.b.BackendListener: Worker ended
2022-06-02 15:24:35,789 INFO o.a.j.v.b.i.InfluxdbBackendListenerClient: Sending last metrics to InfluxDB
2022-06-02 15:24:35,791 INFO o.a.j.v.b.i.HttpMetricsSender: Destroying 
2022-06-02 15:24:35,801 INFO o.a.j.g.u.JMeterMenuBar: setRunning(false, *local*)
