2023-04-25 12:33:11,896 INFO o.a.j.u.JMeterUtils: Setting Locale to en_EN
2023-04-25 12:33:11,910 INFO o.a.j.JMeter: Loading user properties from: user.properties
2023-04-25 12:33:11,911 INFO o.a.j.JMeter: Loading system properties from: system.properties
2023-04-25 12:33:11,919 INFO o.a.j.JMeter: Copyright (c) 1998-2021 The Apache Software Foundation
2023-04-25 12:33:11,919 INFO o.a.j.JMeter: Version 5.4.1
2023-04-25 12:33:11,919 INFO o.a.j.JMeter: java.version=11.0.15
2023-04-25 12:33:11,919 INFO o.a.j.JMeter: java.vm.name=OpenJDK 64-Bit Server VM
2023-04-25 12:33:11,919 INFO o.a.j.JMeter: os.name=Windows 10
2023-04-25 12:33:11,919 INFO o.a.j.JMeter: os.arch=amd64
2023-04-25 12:33:11,919 INFO o.a.j.JMeter: os.version=10.0
2023-04-25 12:33:11,919 INFO o.a.j.JMeter: file.encoding=MS949
2023-04-25 12:33:11,919 INFO o.a.j.JMeter: java.awt.headless=true
2023-04-25 12:33:11,919 INFO o.a.j.JMeter: Max memory     =8589934592
2023-04-25 12:33:11,919 INFO o.a.j.JMeter: Available Processors =12
2023-04-25 12:33:11,925 INFO o.a.j.JMeter: Default Locale=English (EN)
2023-04-25 12:33:11,926 INFO o.a.j.JMeter: JMeter  Locale=English (EN)
2023-04-25 12:33:11,926 INFO o.a.j.JMeter: JMeterHome=C:\workspace\work\test-automation\apache-jmeter-5.4.1
2023-04-25 12:33:11,926 INFO o.a.j.JMeter: user.dir  =C:\workspace\work\test-automation\apache-jmeter-5.4.1\bin
2023-04-25 12:33:11,926 INFO o.a.j.JMeter: PWD       =C:\workspace\work\test-automation\apache-jmeter-5.4.1\bin
2023-04-25 12:33:11,927 INFO o.a.j.JMeter: IP: 10.8.60.183 Name: DESKTOP-8OU24PB FullName: host.docker.internal
2023-04-25 12:33:11,936 INFO o.a.j.r.RmiUtils: Disabling SSL for RMI as server.rmi.ssl.disable is set to 'true'
2023-04-25 12:33:11,936 INFO o.a.j.r.RmiUtils: Disabling SSL for RMI as server.rmi.ssl.disable is set to 'true'
2023-04-25 12:33:12,214 INFO o.a.j.e.RemoteJMeterEngineImpl: Starting backing engine on 1099
2023-04-25 12:33:12,214 INFO o.a.j.r.RmiUtils: System property 'java.rmi.server.hostname' is not defined, using localHost address
2023-04-25 12:33:12,214 INFO o.a.j.r.RmiUtils: Local IP address=10.8.60.183
2023-04-25 12:33:12,214 INFO o.a.j.e.RemoteJMeterEngineImpl: IP address is a site-local address; this may cause problems with remote access.
	Can be overridden by defining the system property 'java.rmi.server.hostname' - see jmeter-server script file
2023-04-25 12:33:12,214 INFO o.a.j.e.RemoteJMeterEngineImpl: Creating RMI registry (server.rmi.create=true)
2023-04-25 12:33:12,214 INFO o.a.j.r.RmiUtils: Disabling SSL for RMI as server.rmi.ssl.disable is set to 'true'
2023-04-25 12:33:12,214 INFO o.a.j.r.RmiUtils: Disabling SSL for RMI as server.rmi.ssl.disable is set to 'true'
2023-04-25 12:33:12,218 INFO o.a.j.e.RemoteJMeterEngineImpl: Bound to RMI registry on port 1099
